#
# There is insufficient memory for the Java Runtime Environment to continue.
# Native memory allocation (malloc) failed to allocate 1113136 bytes for Chunk::new
# Possible reasons:
#   The system is out of physical RAM or swap space
#   The process is running with CompressedOops enabled, and the Java Heap may be blocking the growth of the native heap
# Possible solutions:
#   Reduce memory load on the system
#   Increase physical memory or swap space
#   Check if swap backing store is full
#   Decrease Java heap size (-Xmx/-Xms)
#   Decrease number of Java threads
#   Decrease Java thread stack sizes (-Xss)
#   Set larger code cache with -XX:ReservedCodeCacheSize=
#   JVM is running with Unscaled Compressed Oops mode in which the Java heap is
#     placed in the first 4GB address space. The Java Heap base address is the
#     maximum limit for the native heap growth. Please use -XX:HeapBaseMinAddress
#     to set the Java Heap base and to place the Java Heap above 4GB virtual address.
# This output file may be truncated or incomplete.
#
#  Out of Memory Error (./src/hotspot/share/memory/arena.cpp:197), pid=16248, tid=12984
#
# JRE version: OpenJDK Runtime Environment Microsoft-7208460 (11.0.18+10) (build 11.0.18+10-LTS)
# Java VM: OpenJDK 64-Bit Server VM Microsoft-7208460 (11.0.18+10-LTS, mixed mode, tiered, compressed oops, g1 gc, windows-amd64)
# No core dump will be written. Minidumps are not enabled by default on client versions of Windows
#

---------------  S U M M A R Y ------------

Command Line: -XX:MaxMetaspaceSize=512m --add-opens=java.base/java.util=ALL-UNNAMED --add-opens=java.base/java.lang=ALL-UNNAMED --add-opens=java.base/java.lang.invoke=ALL-UNNAMED --add-opens=java.base/java.util=ALL-UNNAMED --add-opens=java.prefs/java.util.prefs=ALL-UNNAMED --add-opens=java.prefs/java.util.prefs=ALL-UNNAMED --add-opens=java.base/java.nio.charset=ALL-UNNAMED --add-opens=java.base/java.net=ALL-UNNAMED --add-opens=java.base/java.util.concurrent.atomic=ALL-UNNAMED -Xmx2048m -Dfile.encoding=windows-1252 -Duser.country=BO -Duser.language=es -Duser.variant org.gradle.launcher.daemon.bootstrap.GradleDaemon 7.5.1

Host: Intel(R) Core(TM) i5-7200U CPU @ 2.50GHz, 4 cores, 7G,  Windows 10 , 64 bit Build 19041 (10.0.19041.2913)
Time: Sun May 28 00:44:10 2023 Hora estándar oeste, Sudamérica elapsed time: 402.407285 seconds (0d 0h 6m 42s)

---------------  T H R E A D  ---------------

Current thread (0x000002103f5af000):  JavaThread "C2 CompilerThread0" daemon [_thread_in_native, id=12984, stack(0x0000003d3e200000,0x0000003d3e300000)]


Current CompileTask:
C2: 402407 14420       4       org.gradle.api.internal.changedetection.state.CachingFileHasher::snapshot (122 bytes)

Stack: [0x0000003d3e200000,0x0000003d3e300000]
Native frames: (J=compiled Java code, j=interpreted, Vv=VM code, C=native code)
V  [jvm.dll+0x62bf8a]
V  [jvm.dll+0x7b8fb9]
V  [jvm.dll+0x7ba6a8]
V  [jvm.dll+0x7bad83]
V  [jvm.dll+0x250248]
V  [jvm.dll+0xc260c]
V  [jvm.dll+0xc2bcc]
V  [jvm.dll+0x35e1c7]
V  [jvm.dll+0x32a373]
V  [jvm.dll+0x3296aa]
V  [jvm.dll+0x2093b3]
V  [jvm.dll+0x20850d]
V  [jvm.dll+0x18a4b1]
V  [jvm.dll+0x217eec]
V  [jvm.dll+0x21612b]
V  [jvm.dll+0x77bac0]
V  [jvm.dll+0x7749f4]
V  [jvm.dll+0x62adf5]
C  [ucrtbase.dll+0x21bb2]
C  [KERNEL32.DLL+0x17614]
C  [ntdll.dll+0x526a1]


---------------  P R O C E S S  ---------------

Threads class SMR info:
_java_thread_list=0x00000210483d47a0, length=93, elements={
0x0000021020d43000, 0x000002103f595800, 0x000002103f59f800, 0x000002103f5a7000,
0x000002103f5aa800, 0x000002103f5ab800, 0x000002103f5af000, 0x000002103f5b0800,
0x000002103f5b5800, 0x000002104007d800, 0x00000210415b6800, 0x000002104165e000,
0x000002104145f800, 0x0000021041753000, 0x0000021041757000, 0x0000021041753800,
0x0000021041757800, 0x0000021041754800, 0x0000021041752000, 0x0000021042b86800,
0x0000021042b82800, 0x0000021042b83000, 0x0000021042b84000, 0x0000021042b84800,
0x0000021042b80800, 0x0000021042c08000, 0x0000021044fee800, 0x0000021044fef000,
0x0000021044ff1000, 0x0000021044ff1800, 0x0000021042c09000, 0x0000021042c0a800,
0x0000021042c07000, 0x0000021042c0d000, 0x0000021042c0f800, 0x0000021042c0b000,
0x0000021042c0c000, 0x0000021042c0d800, 0x0000021042c0e800, 0x0000021042c09800,
0x0000021042c12800, 0x0000021042c13800, 0x0000021042c15000, 0x0000021042c10000,
0x0000021042c11000, 0x0000021042c12000, 0x0000021042c14000, 0x0000021042c16000,
0x0000021044ff0000, 0x0000021044feb000, 0x0000021044fec000, 0x0000021044fec800,
0x0000021044ff2800, 0x0000021044ff3800, 0x0000021044fed800, 0x0000021044ff4000,
0x0000021044ff6800, 0x0000021044ff5000, 0x0000021044ff7800, 0x0000021044ff9000,
0x0000021044ffa000, 0x0000021044ff8000, 0x0000021044ff5800, 0x0000021042b87000,
0x0000021042b81800, 0x0000021042b8a800, 0x0000021042b8b800, 0x0000021042b89800,
0x0000021042b88000, 0x0000021042b8c000, 0x0000021042b8d000, 0x0000021042b89000,
0x0000021042b8f800, 0x0000021042b8d800, 0x0000021042b8e800, 0x0000021041755000,
0x0000021041758800, 0x0000021041756000, 0x0000021047b90000, 0x0000021047b8f800,
0x0000021047b8e000, 0x0000021047b91000, 0x0000021047b92000, 0x0000021047b92800,
0x0000021047b93800, 0x0000021047b94800, 0x0000021047b8e800, 0x0000021047b96800,
0x0000021047b95000, 0x0000021047b96000, 0x0000021047b99000, 0x0000021047b98800,
0x0000021047b9a000
}

Java Threads: ( => current thread )
  0x0000021020d43000 JavaThread "main" [_thread_blocked, id=15256, stack(0x0000003d3d600000,0x0000003d3d700000)]
  0x000002103f595800 JavaThread "Reference Handler" daemon [_thread_blocked, id=1360, stack(0x0000003d3dd00000,0x0000003d3de00000)]
  0x000002103f59f800 JavaThread "Finalizer" daemon [_thread_blocked, id=12324, stack(0x0000003d3de00000,0x0000003d3df00000)]
  0x000002103f5a7000 JavaThread "Signal Dispatcher" daemon [_thread_blocked, id=11820, stack(0x0000003d3df00000,0x0000003d3e000000)]
  0x000002103f5aa800 JavaThread "Attach Listener" daemon [_thread_blocked, id=6560, stack(0x0000003d3e000000,0x0000003d3e100000)]
  0x000002103f5ab800 JavaThread "Service Thread" daemon [_thread_blocked, id=16856, stack(0x0000003d3e100000,0x0000003d3e200000)]
=>0x000002103f5af000 JavaThread "C2 CompilerThread0" daemon [_thread_in_native, id=12984, stack(0x0000003d3e200000,0x0000003d3e300000)]
  0x000002103f5b0800 JavaThread "C1 CompilerThread0" daemon [_thread_blocked, id=2596, stack(0x0000003d3e300000,0x0000003d3e400000)]
  0x000002103f5b5800 JavaThread "Sweeper thread" daemon [_thread_blocked, id=13384, stack(0x0000003d3e400000,0x0000003d3e500000)]
  0x000002104007d800 JavaThread "Common-Cleaner" daemon [_thread_blocked, id=10420, stack(0x0000003d3e500000,0x0000003d3e600000)]
  0x00000210415b6800 JavaThread "Daemon health stats" [_thread_blocked, id=13644, stack(0x0000003d3ea00000,0x0000003d3eb00000)]
  0x000002104165e000 JavaThread "Incoming local TCP Connector on port 51043" [_thread_in_native, id=7876, stack(0x0000003d3eb00000,0x0000003d3ec00000)]
  0x000002104145f800 JavaThread "Daemon periodic checks" [_thread_blocked, id=9092, stack(0x0000003d3ed00000,0x0000003d3ee00000)]
  0x0000021041753000 JavaThread "Cache worker for journal cache (C:\Users\Christian\.gradle\caches\journal-1)" [_thread_blocked, id=5584, stack(0x0000003d3f500000,0x0000003d3f600000)]
  0x0000021041757000 JavaThread "File lock request listener" [_thread_in_native, id=11860, stack(0x0000003d3f600000,0x0000003d3f700000)]
  0x0000021041753800 JavaThread "Cache worker for file hash cache (C:\Users\Christian\.gradle\caches\7.5.1\fileHashes)" [_thread_blocked, id=3812, stack(0x0000003d3f700000,0x0000003d3f800000)]
  0x0000021041757800 JavaThread "File watcher server" daemon [_thread_in_native, id=13760, stack(0x0000003d3f800000,0x0000003d3f900000)]
  0x0000021041754800 JavaThread "File watcher consumer" daemon [_thread_blocked, id=4332, stack(0x0000003d3f900000,0x0000003d3fa00000)]
  0x0000021041752000 JavaThread "Cache worker for file content cache (C:\Users\Christian\.gradle\caches\7.5.1\fileContent)" [_thread_blocked, id=12076, stack(0x0000003d3fc00000,0x0000003d3fd00000)]
  0x0000021042b86800 JavaThread "Cache worker for execution history cache (C:\Users\Christian\.gradle\caches\7.5.1\executionHistory)" [_thread_blocked, id=11596, stack(0x0000003d3ff00000,0x0000003d40000000)]
  0x0000021042b82800 JavaThread "jar transforms" [_thread_blocked, id=4188, stack(0x0000003d3d500000,0x0000003d3d600000)]
  0x0000021042b83000 JavaThread "jar transforms Thread 2" [_thread_blocked, id=13952, stack(0x0000003d40000000,0x0000003d40100000)]
  0x0000021042b84000 JavaThread "jar transforms Thread 3" [_thread_blocked, id=5188, stack(0x0000003d40100000,0x0000003d40200000)]
  0x0000021042b84800 JavaThread "jar transforms Thread 4" [_thread_blocked, id=2708, stack(0x0000003d40200000,0x0000003d40300000)]
  0x0000021042b80800 JavaThread "Cache worker for kotlin-dsl (C:\Users\Christian\.gradle\caches\7.5.1\kotlin-dsl)" [_thread_blocked, id=9056, stack(0x0000003d3d300000,0x0000003d3d400000)]
  0x0000021042c08000 JavaThread "Memory manager" [_thread_blocked, id=1788, stack(0x0000003d42800000,0x0000003d42900000)]
  0x0000021044fee800 JavaThread "pool-3-thread-1" [_thread_blocked, id=15148, stack(0x0000003d40300000,0x0000003d40400000)]
  0x0000021044fef000 JavaThread "Monitor" [_thread_in_native, id=15436, stack(0x0000003d43700000,0x0000003d43800000)]
  0x0000021044ff1000 JavaThread "JdwpProxyConnection" [_thread_in_native, id=13184, stack(0x0000003d43800000,0x0000003d43900000)]
  0x0000021044ff1800 JavaThread "Device List Monitor" [_thread_in_native, id=1216, stack(0x0000003d43900000,0x0000003d43a00000)]
  0x0000021042c09000 JavaThread "Daemon Thread 2" [_thread_blocked, id=11188, stack(0x0000003d3d400000,0x0000003d3d500000)]
  0x0000021042c0a800 JavaThread "Handler for socket connection from /127.0.0.1:51043 to /127.0.0.1:59909" [_thread_in_native, id=9336, stack(0x0000003d3ee00000,0x0000003d3ef00000)]
  0x0000021042c07000 JavaThread "Cancel handler" [_thread_blocked, id=4292, stack(0x0000003d3ef00000,0x0000003d3f000000)]
  0x0000021042c0d000 JavaThread "Daemon worker Thread 2" [_thread_blocked, id=5984, stack(0x0000003d3f000000,0x0000003d3f100000)]
  0x0000021042c0f800 JavaThread "Asynchronous log dispatcher for DefaultDaemonConnection: socket connection from /127.0.0.1:51043 to /127.0.0.1:59909" [_thread_blocked, id=15204, stack(0x0000003d3f100000,0x0000003d3f200000)]
  0x0000021042c0b000 JavaThread "Stdin handler" [_thread_blocked, id=5352, stack(0x0000003d3f200000,0x0000003d3f300000)]
  0x0000021042c0c000 JavaThread "Daemon client event forwarder" [_thread_blocked, id=9344, stack(0x0000003d3f300000,0x0000003d3f400000)]
  0x0000021042c0d800 JavaThread "Cache worker for checksums cache (C:\Proyectos\12023\movil-infante\android\.gradle\7.5.1\checksums)" [_thread_blocked, id=5208, stack(0x0000003d3f400000,0x0000003d3f500000)]
  0x0000021042c0e800 JavaThread "Cache worker for cache directory md-rule (C:\Users\Christian\.gradle\caches\7.5.1\md-rule)" [_thread_blocked, id=3880, stack(0x0000003d3fa00000,0x0000003d3fb00000)]
  0x0000021042c09800 JavaThread "Cache worker for file hash cache (C:\Proyectos\12023\movil-infante\android\.gradle\7.5.1\fileHashes)" [_thread_blocked, id=16352, stack(0x0000003d3fb00000,0x0000003d3fc00000)]
  0x0000021042c12800 JavaThread "Cache worker for cache directory md-supplier (C:\Users\Christian\.gradle\caches\7.5.1\md-supplier)" [_thread_blocked, id=6284, stack(0x0000003d3fd00000,0x0000003d3fe00000)]
  0x0000021042c13800 JavaThread "Cache worker for dependencies-accessors (C:\Proyectos\12023\movil-infante\android\.gradle\7.5.1\dependencies-accessors)" [_thread_blocked, id=7300, stack(0x0000003d3fe00000,0x0000003d3ff00000)]
  0x0000021042c15000 JavaThread "Cache worker for Build Output Cleanup Cache (C:\Proyectos\12023\movil-infante\node_modules\react-native-gradle-plugin\.gradle\buildOutputCleanup)" [_thread_blocked, id=11928, stack(0x0000003d40400000,0x0000003d40500000)]
  0x0000021042c10000 JavaThread "Unconstrained build operations" [_thread_blocked, id=12348, stack(0x0000003d40500000,0x0000003d40600000)]
  0x0000021042c11000 JavaThread "Unconstrained build operations Thread 2" [_thread_blocked, id=16404, stack(0x0000003d40600000,0x0000003d40700000)]
  0x0000021042c12000 JavaThread "Unconstrained build operations Thread 3" [_thread_blocked, id=17036, stack(0x0000003d40700000,0x0000003d40800000)]
  0x0000021042c14000 JavaThread "Unconstrained build operations Thread 4" [_thread_blocked, id=8976, stack(0x0000003d40800000,0x0000003d40900000)]
  0x0000021042c16000 JavaThread "Unconstrained build operations Thread 5" [_thread_blocked, id=14668, stack(0x0000003d40900000,0x0000003d40a00000)]
  0x0000021044ff0000 JavaThread "Unconstrained build operations Thread 6" [_thread_blocked, id=14128, stack(0x0000003d40a00000,0x0000003d40b00000)]
  0x0000021044feb000 JavaThread "Unconstrained build operations Thread 7" [_thread_blocked, id=544, stack(0x0000003d40b00000,0x0000003d40c00000)]
  0x0000021044fec000 JavaThread "Unconstrained build operations Thread 8" [_thread_blocked, id=13280, stack(0x0000003d40c00000,0x0000003d40d00000)]
  0x0000021044fec800 JavaThread "Unconstrained build operations Thread 9" [_thread_blocked, id=12356, stack(0x0000003d40d00000,0x0000003d40e00000)]
  0x0000021044ff2800 JavaThread "Unconstrained build operations Thread 10" [_thread_blocked, id=2460, stack(0x0000003d40e00000,0x0000003d40f00000)]
  0x0000021044ff3800 JavaThread "Unconstrained build operations Thread 11" [_thread_blocked, id=15372, stack(0x0000003d40f00000,0x0000003d41000000)]
  0x0000021044fed800 JavaThread "Unconstrained build operations Thread 12" [_thread_blocked, id=12320, stack(0x0000003d41000000,0x0000003d41100000)]
  0x0000021044ff4000 JavaThread "Unconstrained build operations Thread 13" [_thread_blocked, id=15216, stack(0x0000003d41100000,0x0000003d41200000)]
  0x0000021044ff6800 JavaThread "Unconstrained build operations Thread 14" [_thread_blocked, id=12820, stack(0x0000003d41200000,0x0000003d41300000)]
  0x0000021044ff5000 JavaThread "Unconstrained build operations Thread 15" [_thread_blocked, id=14960, stack(0x0000003d41300000,0x0000003d41400000)]
  0x0000021044ff7800 JavaThread "Unconstrained build operations Thread 16" [_thread_blocked, id=1988, stack(0x0000003d41400000,0x0000003d41500000)]
  0x0000021044ff9000 JavaThread "Unconstrained build operations Thread 17" [_thread_in_native, id=14120, stack(0x0000003d41500000,0x0000003d41600000)]
  0x0000021044ffa000 JavaThread "Unconstrained build operations Thread 18" [_thread_blocked, id=8928, stack(0x0000003d41600000,0x0000003d41700000)]
  0x0000021044ff8000 JavaThread "Unconstrained build operations Thread 19" [_thread_blocked, id=10440, stack(0x0000003d41700000,0x0000003d41800000)]
  0x0000021044ff5800 JavaThread "Unconstrained build operations Thread 20" [_thread_blocked, id=8876, stack(0x0000003d41800000,0x0000003d41900000)]
  0x0000021042b87000 JavaThread "Unconstrained build operations Thread 21" [_thread_blocked, id=11228, stack(0x0000003d41900000,0x0000003d41a00000)]
  0x0000021042b81800 JavaThread "Unconstrained build operations Thread 22" [_thread_blocked, id=3032, stack(0x0000003d41a00000,0x0000003d41b00000)]
  0x0000021042b8a800 JavaThread "Unconstrained build operations Thread 23" [_thread_blocked, id=3360, stack(0x0000003d41b00000,0x0000003d41c00000)]
  0x0000021042b8b800 JavaThread "Unconstrained build operations Thread 24" [_thread_blocked, id=5896, stack(0x0000003d41c00000,0x0000003d41d00000)]
  0x0000021042b89800 JavaThread "Unconstrained build operations Thread 25" [_thread_blocked, id=15564, stack(0x0000003d41d00000,0x0000003d41e00000)]
  0x0000021042b88000 JavaThread "Unconstrained build operations Thread 26" [_thread_blocked, id=556, stack(0x0000003d41e00000,0x0000003d41f00000)]
  0x0000021042b8c000 JavaThread "Unconstrained build operations Thread 27" [_thread_blocked, id=7096, stack(0x0000003d41f00000,0x0000003d42000000)]
  0x0000021042b8d000 JavaThread "Unconstrained build operations Thread 28" [_thread_blocked, id=13008, stack(0x0000003d42000000,0x0000003d42100000)]
  0x0000021042b89000 JavaThread "Unconstrained build operations Thread 29" [_thread_blocked, id=6384, stack(0x0000003d42100000,0x0000003d42200000)]
  0x0000021042b8f800 JavaThread "Unconstrained build operations Thread 30" [_thread_blocked, id=11600, stack(0x0000003d42200000,0x0000003d42300000)]
  0x0000021042b8d800 JavaThread "Unconstrained build operations Thread 31" [_thread_blocked, id=12528, stack(0x0000003d42300000,0x0000003d42400000)]
  0x0000021042b8e800 JavaThread "Unconstrained build operations Thread 32" [_thread_blocked, id=7344, stack(0x0000003d42400000,0x0000003d42500000)]
  0x0000021041755000 JavaThread "Unconstrained build operations Thread 33" [_thread_blocked, id=16620, stack(0x0000003d42500000,0x0000003d42600000)]
  0x0000021041758800 JavaThread "build event listener" [_thread_blocked, id=13916, stack(0x0000003d42600000,0x0000003d42700000)]
  0x0000021041756000 JavaThread "Cache worker for Build Output Cleanup Cache (C:\Proyectos\12023\movil-infante\android\.gradle\buildOutputCleanup)" [_thread_blocked, id=1516, stack(0x0000003d42700000,0x0000003d42800000)]
  0x0000021047b90000 JavaThread "included builds" [_thread_blocked, id=12812, stack(0x0000003d42900000,0x0000003d42a00000)]
  0x0000021047b8f800 JavaThread "Execution worker" [_thread_blocked, id=16760, stack(0x0000003d42a00000,0x0000003d42b00000)]
  0x0000021047b8e000 JavaThread "Execution worker Thread 2" [_thread_blocked, id=13000, stack(0x0000003d42b00000,0x0000003d42c00000)]
  0x0000021047b91000 JavaThread "Execution worker Thread 3" [_thread_blocked, id=7920, stack(0x0000003d42c00000,0x0000003d42d00000)]
  0x0000021047b92000 JavaThread "Cache worker for execution history cache (C:\Proyectos\12023\movil-infante\node_modules\react-native-gradle-plugin\.gradle\7.5.1\executionHistory)" [_thread_blocked, id=10496, stack(0x0000003d42d00000,0x0000003d42e00000)]
  0x0000021047b92800 JavaThread "Unconstrained build operations Thread 34" [_thread_blocked, id=16796, stack(0x0000003d42e00000,0x0000003d42f00000)]
  0x0000021047b93800 JavaThread "Unconstrained build operations Thread 35" [_thread_blocked, id=4444, stack(0x0000003d42f00000,0x0000003d43000000)]
  0x0000021047b94800 JavaThread "Unconstrained build operations Thread 36" [_thread_blocked, id=14340, stack(0x0000003d43000000,0x0000003d43100000)]
  0x0000021047b8e800 JavaThread "Unconstrained build operations Thread 37" [_thread_blocked, id=1232, stack(0x0000003d43100000,0x0000003d43200000)]
  0x0000021047b96800 JavaThread "Unconstrained build operations Thread 38" [_thread_blocked, id=16520, stack(0x0000003d43200000,0x0000003d43300000)]
  0x0000021047b95000 JavaThread "Unconstrained build operations Thread 39" [_thread_blocked, id=9340, stack(0x0000003d43300000,0x0000003d43400000)]
  0x0000021047b96000 JavaThread "Unconstrained build operations Thread 40" [_thread_blocked, id=17012, stack(0x0000003d43400000,0x0000003d43500000)]
  0x0000021047b99000 JavaThread "pool-6-thread-1" [_thread_blocked, id=7444, stack(0x0000003d43500000,0x0000003d43600000)]
  0x0000021047b98800 JavaThread "build event listener" [_thread_blocked, id=4944, stack(0x0000003d43600000,0x0000003d43700000)]
  0x0000021047b9a000 JavaThread "Cache worker for execution history cache (C:\Proyectos\12023\movil-infante\android\.gradle\7.5.1\executionHistory)" [_thread_blocked, id=5364, stack(0x0000003d43a00000,0x0000003d43b00000)]

Other Threads:
  0x000002103f581800 VMThread "VM Thread" [stack: 0x0000003d3dc00000,0x0000003d3dd00000] [id=15168]
  0x00000210400b0000 WatcherThread [stack: 0x0000003d3e600000,0x0000003d3e700000] [id=14720]
  0x0000021020d5c000 GCTaskThread "GC Thread#0" [stack: 0x0000003d3d700000,0x0000003d3d800000] [id=17260]
  0x00000210407f1800 GCTaskThread "GC Thread#1" [stack: 0x0000003d3e700000,0x0000003d3e800000] [id=9116]
  0x0000021040589000 GCTaskThread "GC Thread#2" [stack: 0x0000003d3e800000,0x0000003d3e900000] [id=16256]
  0x0000021042500800 GCTaskThread "GC Thread#3" [stack: 0x0000003d3ec00000,0x0000003d3ed00000] [id=8628]
  0x0000021020d8d800 ConcurrentGCThread "G1 Main Marker" [stack: 0x0000003d3d800000,0x0000003d3d900000] [id=15728]
  0x0000021020d8f000 ConcurrentGCThread "G1 Conc#0" [stack: 0x0000003d3d900000,0x0000003d3da00000] [id=7380]
  0x0000021020e0d800 ConcurrentGCThread "G1 Refine#0" [stack: 0x0000003d3da00000,0x0000003d3db00000] [id=4576]
  0x00000210409b9000 ConcurrentGCThread "G1 Refine#1" [stack: 0x0000003d3e900000,0x0000003d3ea00000] [id=15524]
  0x0000021020e0e800 ConcurrentGCThread "G1 Young RemSet Sampling" [stack: 0x0000003d3db00000,0x0000003d3dc00000] [id=10980]

Threads with active compile tasks:
C2 CompilerThread0   403266 14420       4       org.gradle.api.internal.changedetection.state.CachingFileHasher::snapshot (122 bytes)

VM state:not at safepoint (normal execution)

VM Mutex/Monitor currently owned by a thread: None

Heap address: 0x0000000080000000, size: 2048 MB, Compressed Oops mode: 32-bit
Narrow klass base: 0x0000000000000000, Narrow klass shift: 3
Compressed class space size: 528482304 Address: 0x0000000100000000

Heap:
 garbage-first heap   total 189440K, used 135470K [0x0000000080000000, 0x0000000100000000)
  region size 1024K, 24 young (24576K), 2 survivors (2048K)
 Metaspace       used 107752K, capacity 110558K, committed 110728K, reserved 612352K
  class space    used 13575K, capacity 14634K, committed 14720K, reserved 516096K
Heap Regions: E=young(eden), S=young(survivor), O=old, HS=humongous(starts), HC=humongous(continues), CS=collection set, F=free, A=archive, TAMS=top-at-mark-start (previous, next)
|   0|0x0000000080000000, 0x0000000080100000, 0x0000000080100000|100%|HS|  |TAMS 0x0000000080100000, 0x0000000080000000| Complete 
|   1|0x0000000080100000, 0x0000000080200000, 0x0000000080200000|100%|HC|  |TAMS 0x0000000080200000, 0x0000000080100000| Complete 
|   2|0x0000000080200000, 0x0000000080300000, 0x0000000080300000|100%|HC|  |TAMS 0x0000000080300000, 0x0000000080200000| Complete 
|   3|0x0000000080300000, 0x0000000080400000, 0x0000000080400000|100%| O|  |TAMS 0x0000000080400000, 0x0000000080300000| Untracked 
|   4|0x0000000080400000, 0x0000000080500000, 0x0000000080500000|100%| O|  |TAMS 0x0000000080500000, 0x0000000080400000| Untracked 
|   5|0x0000000080500000, 0x0000000080600000, 0x0000000080600000|100%| O|  |TAMS 0x0000000080600000, 0x0000000080500000| Untracked 
|   6|0x0000000080600000, 0x0000000080700000, 0x0000000080700000|100%| O|  |TAMS 0x0000000080700000, 0x0000000080600000| Untracked 
|   7|0x0000000080700000, 0x0000000080800000, 0x0000000080800000|100%| O|  |TAMS 0x0000000080800000, 0x0000000080700000| Untracked 
|   8|0x0000000080800000, 0x0000000080900000, 0x0000000080900000|100%| O|  |TAMS 0x0000000080900000, 0x0000000080800000| Untracked 
|   9|0x0000000080900000, 0x0000000080a00000, 0x0000000080a00000|100%| O|  |TAMS 0x0000000080a00000, 0x0000000080900000| Untracked 
|  10|0x0000000080a00000, 0x0000000080b00000, 0x0000000080b00000|100%| O|  |TAMS 0x0000000080b00000, 0x0000000080a00000| Untracked 
|  11|0x0000000080b00000, 0x0000000080c00000, 0x0000000080c00000|100%| O|  |TAMS 0x0000000080c00000, 0x0000000080b00000| Untracked 
|  12|0x0000000080c00000, 0x0000000080d00000, 0x0000000080d00000|100%| O|  |TAMS 0x0000000080d00000, 0x0000000080c00000| Untracked 
|  13|0x0000000080d00000, 0x0000000080e00000, 0x0000000080e00000|100%| O|  |TAMS 0x0000000080e00000, 0x0000000080d00000| Untracked 
|  14|0x0000000080e00000, 0x0000000080f00000, 0x0000000080f00000|100%| O|  |TAMS 0x0000000080f00000, 0x0000000080e00000| Untracked 
|  15|0x0000000080f00000, 0x0000000081000000, 0x0000000081000000|100%| O|  |TAMS 0x0000000081000000, 0x0000000080f00000| Untracked 
|  16|0x0000000081000000, 0x0000000081100000, 0x0000000081100000|100%| O|  |TAMS 0x0000000081100000, 0x0000000081000000| Untracked 
|  17|0x0000000081100000, 0x0000000081200000, 0x0000000081200000|100%|HS|  |TAMS 0x0000000081200000, 0x0000000081100000| Complete 
|  18|0x0000000081200000, 0x0000000081300000, 0x0000000081300000|100%| O|  |TAMS 0x0000000081300000, 0x0000000081200000| Untracked 
|  19|0x0000000081300000, 0x0000000081400000, 0x0000000081400000|100%| O|  |TAMS 0x0000000081400000, 0x0000000081300000| Untracked 
|  20|0x0000000081400000, 0x0000000081500000, 0x0000000081500000|100%| O|  |TAMS 0x0000000081500000, 0x0000000081400000| Untracked 
|  21|0x0000000081500000, 0x0000000081500000, 0x0000000081600000|  0%| F|  |TAMS 0x0000000081500000, 0x0000000081500000| Untracked 
|  22|0x0000000081600000, 0x0000000081600000, 0x0000000081700000|  0%| F|  |TAMS 0x0000000081600000, 0x0000000081600000| Untracked 
|  23|0x0000000081700000, 0x0000000081800000, 0x0000000081800000|100%| O|  |TAMS 0x0000000081800000, 0x0000000081700000| Untracked 
|  24|0x0000000081800000, 0x0000000081900000, 0x0000000081900000|100%| O|  |TAMS 0x0000000081900000, 0x0000000081800000| Untracked 
|  25|0x0000000081900000, 0x0000000081a00000, 0x0000000081a00000|100%| O|  |TAMS 0x0000000081a00000, 0x0000000081900000| Untracked 
|  26|0x0000000081a00000, 0x0000000081b00000, 0x0000000081b00000|100%| O|  |TAMS 0x0000000081b00000, 0x0000000081a00000| Untracked 
|  27|0x0000000081b00000, 0x0000000081c00000, 0x0000000081c00000|100%| O|  |TAMS 0x0000000081c00000, 0x0000000081b00000| Untracked 
|  28|0x0000000081c00000, 0x0000000081d00000, 0x0000000081d00000|100%|HS|  |TAMS 0x0000000081d00000, 0x0000000081c00000| Complete 
|  29|0x0000000081d00000, 0x0000000081e00000, 0x0000000081e00000|100%|HC|  |TAMS 0x0000000081e00000, 0x0000000081d00000| Complete 
|  30|0x0000000081e00000, 0x0000000081f00000, 0x0000000081f00000|100%|HC|  |TAMS 0x0000000081f00000, 0x0000000081e00000| Complete 
|  31|0x0000000081f00000, 0x0000000082000000, 0x0000000082000000|100%| O|  |TAMS 0x0000000082000000, 0x0000000081f00000| Untracked 
|  32|0x0000000082000000, 0x0000000082100000, 0x0000000082100000|100%| O|  |TAMS 0x0000000082100000, 0x0000000082000000| Untracked 
|  33|0x0000000082100000, 0x0000000082200000, 0x0000000082200000|100%| O|  |TAMS 0x0000000082100000, 0x0000000082100000| Untracked 
|  34|0x0000000082200000, 0x0000000082300000, 0x0000000082300000|100%| O|  |TAMS 0x0000000082300000, 0x0000000082200000| Untracked 
|  35|0x0000000082300000, 0x0000000082400000, 0x0000000082400000|100%| O|  |TAMS 0x0000000082300000, 0x0000000082300000| Untracked 
|  36|0x0000000082400000, 0x0000000082500000, 0x0000000082500000|100%| O|  |TAMS 0x0000000082500000, 0x0000000082400000| Untracked 
|  37|0x0000000082500000, 0x0000000082600000, 0x0000000082600000|100%| O|  |TAMS 0x0000000082600000, 0x0000000082500000| Untracked 
|  38|0x0000000082600000, 0x0000000082700000, 0x0000000082700000|100%| O|  |TAMS 0x0000000082700000, 0x0000000082600000| Untracked 
|  39|0x0000000082700000, 0x0000000082800000, 0x0000000082800000|100%| O|  |TAMS 0x0000000082800000, 0x0000000082700000| Untracked 
|  40|0x0000000082800000, 0x0000000082900000, 0x0000000082900000|100%| O|  |TAMS 0x0000000082900000, 0x0000000082800000| Untracked 
|  41|0x0000000082900000, 0x0000000082a00000, 0x0000000082a00000|100%| O|  |TAMS 0x0000000082a00000, 0x0000000082900000| Untracked 
|  42|0x0000000082a00000, 0x0000000082b00000, 0x0000000082b00000|100%| O|  |TAMS 0x0000000082b00000, 0x0000000082a00000| Untracked 
|  43|0x0000000082b00000, 0x0000000082c00000, 0x0000000082c00000|100%|HS|  |TAMS 0x0000000082c00000, 0x0000000082b00000| Complete 
|  44|0x0000000082c00000, 0x0000000082d00000, 0x0000000082d00000|100%|HS|  |TAMS 0x0000000082d00000, 0x0000000082c00000| Complete 
|  45|0x0000000082d00000, 0x0000000082e00000, 0x0000000082e00000|100%| O|  |TAMS 0x0000000082e00000, 0x0000000082d00000| Untracked 
|  46|0x0000000082e00000, 0x0000000082f00000, 0x0000000082f00000|100%| O|  |TAMS 0x0000000082f00000, 0x0000000082e00000| Untracked 
|  47|0x0000000082f00000, 0x0000000083000000, 0x0000000083000000|100%| O|  |TAMS 0x0000000083000000, 0x0000000082f00000| Untracked 
|  48|0x0000000083000000, 0x0000000083100000, 0x0000000083100000|100%| O|  |TAMS 0x0000000083100000, 0x0000000083000000| Untracked 
|  49|0x0000000083100000, 0x0000000083200000, 0x0000000083200000|100%| O|  |TAMS 0x0000000083200000, 0x0000000083100000| Untracked 
|  50|0x0000000083200000, 0x0000000083300000, 0x0000000083300000|100%|HS|  |TAMS 0x0000000083300000, 0x0000000083200000| Complete 
|  51|0x0000000083300000, 0x0000000083400000, 0x0000000083400000|100%|HC|  |TAMS 0x0000000083400000, 0x0000000083300000| Complete 
|  52|0x0000000083400000, 0x0000000083500000, 0x0000000083500000|100%| O|  |TAMS 0x0000000083500000, 0x0000000083400000| Untracked 
|  53|0x0000000083500000, 0x0000000083600000, 0x0000000083600000|100%| O|  |TAMS 0x0000000083600000, 0x0000000083500000| Untracked 
|  54|0x0000000083600000, 0x0000000083700000, 0x0000000083700000|100%| O|  |TAMS 0x0000000083700000, 0x0000000083600000| Untracked 
|  55|0x0000000083700000, 0x0000000083800000, 0x0000000083800000|100%| O|  |TAMS 0x0000000083800000, 0x0000000083700000| Untracked 
|  56|0x0000000083800000, 0x0000000083900000, 0x0000000083900000|100%| O|  |TAMS 0x0000000083900000, 0x0000000083800000| Untracked 
|  57|0x0000000083900000, 0x0000000083a00000, 0x0000000083a00000|100%| O|  |TAMS 0x0000000083a00000, 0x0000000083900000| Untracked 
|  58|0x0000000083a00000, 0x0000000083b00000, 0x0000000083b00000|100%| O|  |TAMS 0x0000000083a00000, 0x0000000083a00000| Untracked 
|  59|0x0000000083b00000, 0x0000000083c00000, 0x0000000083c00000|100%| O|  |TAMS 0x0000000083b00000, 0x0000000083b00000| Untracked 
|  60|0x0000000083c00000, 0x0000000083d00000, 0x0000000083d00000|100%| O|  |TAMS 0x0000000083d00000, 0x0000000083c00000| Untracked 
|  61|0x0000000083d00000, 0x0000000083e00000, 0x0000000083e00000|100%| O|  |TAMS 0x0000000083e00000, 0x0000000083d00000| Untracked 
|  62|0x0000000083e00000, 0x0000000083f00000, 0x0000000083f00000|100%| O|  |TAMS 0x0000000083f00000, 0x0000000083e00000| Untracked 
|  63|0x0000000083f00000, 0x0000000083f4b800, 0x0000000084000000| 29%| O|  |TAMS 0x0000000083f00000, 0x0000000083f00000| Untracked 
|  64|0x0000000084000000, 0x0000000084100000, 0x0000000084100000|100%| O|  |TAMS 0x0000000084100000, 0x0000000084000000| Untracked 
|  65|0x0000000084100000, 0x0000000084200000, 0x0000000084200000|100%| O|  |TAMS 0x0000000084200000, 0x0000000084100000| Untracked 
|  66|0x0000000084200000, 0x0000000084300000, 0x0000000084300000|100%| O|  |TAMS 0x0000000084300000, 0x0000000084200000| Untracked 
|  67|0x0000000084300000, 0x0000000084400000, 0x0000000084400000|100%| O|  |TAMS 0x0000000084400000, 0x0000000084300000| Untracked 
|  68|0x0000000084400000, 0x0000000084500000, 0x0000000084500000|100%| O|  |TAMS 0x0000000084500000, 0x0000000084400000| Untracked 
|  69|0x0000000084500000, 0x0000000084600000, 0x0000000084600000|100%| O|  |TAMS 0x0000000084600000, 0x0000000084500000| Untracked 
|  70|0x0000000084600000, 0x0000000084700000, 0x0000000084700000|100%| O|  |TAMS 0x0000000084700000, 0x0000000084600000| Untracked 
|  71|0x0000000084700000, 0x0000000084800000, 0x0000000084800000|100%| O|  |TAMS 0x0000000084800000, 0x0000000084700000| Untracked 
|  72|0x0000000084800000, 0x0000000084900000, 0x0000000084900000|100%| O|  |TAMS 0x0000000084900000, 0x0000000084800000| Untracked 
|  73|0x0000000084900000, 0x0000000084a00000, 0x0000000084a00000|100%| O|  |TAMS 0x0000000084a00000, 0x0000000084900000| Untracked 
|  74|0x0000000084a00000, 0x0000000084a00000, 0x0000000084b00000|  0%| F|  |TAMS 0x0000000084a00000, 0x0000000084a00000| Untracked 
|  75|0x0000000084b00000, 0x0000000084b00000, 0x0000000084c00000|  0%| F|  |TAMS 0x0000000084b00000, 0x0000000084b00000| Untracked 
|  76|0x0000000084c00000, 0x0000000084c00000, 0x0000000084d00000|  0%| F|  |TAMS 0x0000000084c00000, 0x0000000084c00000| Untracked 
|  77|0x0000000084d00000, 0x0000000084e00000, 0x0000000084e00000|100%| O|  |TAMS 0x0000000084e00000, 0x0000000084d00000| Untracked 
|  78|0x0000000084e00000, 0x0000000084f00000, 0x0000000084f00000|100%| O|  |TAMS 0x0000000084f00000, 0x0000000084e00000| Untracked 
|  79|0x0000000084f00000, 0x0000000085000000, 0x0000000085000000|100%| O|  |TAMS 0x0000000085000000, 0x0000000084f00000| Untracked 
|  80|0x0000000085000000, 0x0000000085000000, 0x0000000085100000|  0%| F|  |TAMS 0x0000000085000000, 0x0000000085000000| Untracked 
|  81|0x0000000085100000, 0x0000000085100000, 0x0000000085200000|  0%| F|  |TAMS 0x0000000085100000, 0x0000000085100000| Untracked 
|  82|0x0000000085200000, 0x0000000085200000, 0x0000000085300000|  0%| F|  |TAMS 0x0000000085200000, 0x0000000085200000| Untracked 
|  83|0x0000000085300000, 0x0000000085300000, 0x0000000085400000|  0%| F|  |TAMS 0x0000000085300000, 0x0000000085300000| Untracked 
|  84|0x0000000085400000, 0x0000000085500000, 0x0000000085500000|100%| O|  |TAMS 0x0000000085500000, 0x0000000085400000| Untracked 
|  85|0x0000000085500000, 0x0000000085600000, 0x0000000085600000|100%| O|  |TAMS 0x0000000085600000, 0x0000000085500000| Untracked 
|  86|0x0000000085600000, 0x0000000085700000, 0x0000000085700000|100%| O|  |TAMS 0x0000000085700000, 0x0000000085600000| Untracked 
|  87|0x0000000085700000, 0x0000000085800000, 0x0000000085800000|100%| O|  |TAMS 0x0000000085800000, 0x0000000085700000| Untracked 
|  88|0x0000000085800000, 0x0000000085900000, 0x0000000085900000|100%| O|  |TAMS 0x0000000085900000, 0x0000000085800000| Untracked 
|  89|0x0000000085900000, 0x0000000085a00000, 0x0000000085a00000|100%| O|  |TAMS 0x0000000085a00000, 0x0000000085900000| Untracked 
|  90|0x0000000085a00000, 0x0000000085b00000, 0x0000000085b00000|100%| O|  |TAMS 0x0000000085b00000, 0x0000000085a00000| Untracked 
|  91|0x0000000085b00000, 0x0000000085c00000, 0x0000000085c00000|100%| O|  |TAMS 0x0000000085c00000, 0x0000000085b00000| Untracked 
|  92|0x0000000085c00000, 0x0000000085d00000, 0x0000000085d00000|100%| O|  |TAMS 0x0000000085d00000, 0x0000000085c00000| Untracked 
|  93|0x0000000085d00000, 0x0000000085d00000, 0x0000000085e00000|  0%| F|  |TAMS 0x0000000085d00000, 0x0000000085d00000| Untracked 
|  94|0x0000000085e00000, 0x0000000085f00000, 0x0000000085f00000|100%| O|  |TAMS 0x0000000085f00000, 0x0000000085e00000| Untracked 
|  95|0x0000000085f00000, 0x0000000086000000, 0x0000000086000000|100%| O|  |TAMS 0x0000000086000000, 0x0000000085f00000| Untracked 
|  96|0x0000000086000000, 0x0000000086100000, 0x0000000086100000|100%| O|  |TAMS 0x0000000086100000, 0x0000000086000000| Untracked 
|  97|0x0000000086100000, 0x0000000086200000, 0x0000000086200000|100%| O|  |TAMS 0x0000000086200000, 0x0000000086100000| Untracked 
|  98|0x0000000086200000, 0x0000000086300000, 0x0000000086300000|100%| O|  |TAMS 0x0000000086300000, 0x0000000086200000| Untracked 
|  99|0x0000000086300000, 0x0000000086400000, 0x0000000086400000|100%| O|  |TAMS 0x0000000086400000, 0x0000000086300000| Untracked 
| 100|0x0000000086400000, 0x0000000086500000, 0x0000000086500000|100%| O|  |TAMS 0x0000000086500000, 0x0000000086400000| Untracked 
| 101|0x0000000086500000, 0x0000000086600000, 0x0000000086600000|100%| O|  |TAMS 0x0000000086600000, 0x0000000086500000| Untracked 
| 102|0x0000000086600000, 0x0000000086700000, 0x0000000086700000|100%| O|  |TAMS 0x0000000086700000, 0x0000000086600000| Untracked 
| 103|0x0000000086700000, 0x0000000086800000, 0x0000000086800000|100%| O|  |TAMS 0x0000000086800000, 0x0000000086700000| Untracked 
| 104|0x0000000086800000, 0x0000000086900000, 0x0000000086900000|100%| O|  |TAMS 0x0000000086900000, 0x0000000086800000| Untracked 
| 105|0x0000000086900000, 0x0000000086900000, 0x0000000086a00000|  0%| F|  |TAMS 0x0000000086900000, 0x0000000086900000| Untracked 
| 106|0x0000000086a00000, 0x0000000086b00000, 0x0000000086b00000|100%| O|  |TAMS 0x0000000086b00000, 0x0000000086a00000| Untracked 
| 107|0x0000000086b00000, 0x0000000086c00000, 0x0000000086c00000|100%| O|  |TAMS 0x0000000086c00000, 0x0000000086b00000| Untracked 
| 108|0x0000000086c00000, 0x0000000086d00000, 0x0000000086d00000|100%| O|  |TAMS 0x0000000086d00000, 0x0000000086c00000| Untracked 
| 109|0x0000000086d00000, 0x0000000086e00000, 0x0000000086e00000|100%| O|  |TAMS 0x0000000086e00000, 0x0000000086d00000| Untracked 
| 110|0x0000000086e00000, 0x0000000086f00000, 0x0000000086f00000|100%| O|  |TAMS 0x0000000086f00000, 0x0000000086e00000| Untracked 
| 111|0x0000000086f00000, 0x0000000087000000, 0x0000000087000000|100%| O|  |TAMS 0x0000000086fdd600, 0x0000000086f00000| Untracked 
| 112|0x0000000087000000, 0x0000000087100000, 0x0000000087100000|100%| O|  |TAMS 0x0000000087000000, 0x0000000087000000| Untracked 
| 113|0x0000000087100000, 0x0000000087200000, 0x0000000087200000|100%| O|  |TAMS 0x0000000087100000, 0x0000000087100000| Untracked 
| 114|0x0000000087200000, 0x0000000087300000, 0x0000000087300000|100%| O|  |TAMS 0x0000000087200000, 0x0000000087200000| Untracked 
| 115|0x0000000087300000, 0x0000000087400000, 0x0000000087400000|100%| O|  |TAMS 0x0000000087300000, 0x0000000087300000| Untracked 
| 116|0x0000000087400000, 0x0000000087500000, 0x0000000087500000|100%| O|  |TAMS 0x0000000087400000, 0x0000000087400000| Untracked 
| 117|0x0000000087500000, 0x0000000087600000, 0x0000000087600000|100%| O|  |TAMS 0x0000000087500000, 0x0000000087500000| Untracked 
| 118|0x0000000087600000, 0x0000000087700000, 0x0000000087700000|100%| O|  |TAMS 0x0000000087600000, 0x0000000087600000| Untracked 
| 119|0x0000000087700000, 0x0000000087800000, 0x0000000087800000|100%| O|  |TAMS 0x0000000087700000, 0x0000000087700000| Untracked 
| 120|0x0000000087800000, 0x0000000087900000, 0x0000000087900000|100%| O|  |TAMS 0x0000000087800000, 0x0000000087800000| Untracked 
| 121|0x0000000087900000, 0x0000000087a00000, 0x0000000087a00000|100%| O|  |TAMS 0x0000000087900000, 0x0000000087900000| Untracked 
| 122|0x0000000087a00000, 0x0000000087a00000, 0x0000000087b00000|  0%| F|  |TAMS 0x0000000087a00000, 0x0000000087a00000| Untracked 
| 123|0x0000000087b00000, 0x0000000087b00000, 0x0000000087c00000|  0%| F|  |TAMS 0x0000000087b00000, 0x0000000087b00000| Untracked 
| 124|0x0000000087c00000, 0x0000000087c00000, 0x0000000087d00000|  0%| F|  |TAMS 0x0000000087c00000, 0x0000000087c00000| Untracked 
| 125|0x0000000087d00000, 0x0000000087d00000, 0x0000000087e00000|  0%| F|  |TAMS 0x0000000087d00000, 0x0000000087d00000| Untracked 
| 126|0x0000000087e00000, 0x0000000087e00000, 0x0000000087f00000|  0%| F|  |TAMS 0x0000000087e00000, 0x0000000087e00000| Untracked 
| 127|0x0000000087f00000, 0x0000000087f00000, 0x0000000088000000|  0%| F|  |TAMS 0x0000000087f00000, 0x0000000087f00000| Untracked 
| 128|0x0000000088000000, 0x0000000088000000, 0x0000000088100000|  0%| F|  |TAMS 0x0000000088000000, 0x0000000088000000| Untracked 
| 129|0x0000000088100000, 0x0000000088100000, 0x0000000088200000|  0%| F|  |TAMS 0x0000000088100000, 0x0000000088100000| Untracked 
| 130|0x0000000088200000, 0x0000000088200000, 0x0000000088300000|  0%| F|  |TAMS 0x0000000088200000, 0x0000000088200000| Untracked 
| 131|0x0000000088300000, 0x0000000088300000, 0x0000000088400000|  0%| F|  |TAMS 0x0000000088300000, 0x0000000088300000| Untracked 
| 132|0x0000000088400000, 0x0000000088400000, 0x0000000088500000|  0%| F|  |TAMS 0x0000000088400000, 0x0000000088400000| Untracked 
| 133|0x0000000088500000, 0x0000000088500000, 0x0000000088600000|  0%| F|  |TAMS 0x0000000088500000, 0x0000000088500000| Untracked 
| 134|0x0000000088600000, 0x0000000088600000, 0x0000000088700000|  0%| F|  |TAMS 0x0000000088600000, 0x0000000088600000| Untracked 
| 135|0x0000000088700000, 0x0000000088700000, 0x0000000088800000|  0%| F|  |TAMS 0x0000000088700000, 0x0000000088700000| Untracked 
| 136|0x0000000088800000, 0x0000000088800000, 0x0000000088900000|  0%| F|  |TAMS 0x0000000088800000, 0x0000000088800000| Untracked 
| 137|0x0000000088900000, 0x0000000088900000, 0x0000000088a00000|  0%| F|  |TAMS 0x0000000088900000, 0x0000000088900000| Untracked 
| 138|0x0000000088a00000, 0x0000000088a00000, 0x0000000088b00000|  0%| F|  |TAMS 0x0000000088a00000, 0x0000000088a00000| Untracked 
| 139|0x0000000088b00000, 0x0000000088b00000, 0x0000000088c00000|  0%| F|  |TAMS 0x0000000088b00000, 0x0000000088b00000| Untracked 
| 140|0x0000000088c00000, 0x0000000088c00000, 0x0000000088d00000|  0%| F|  |TAMS 0x0000000088c00000, 0x0000000088c00000| Untracked 
| 141|0x0000000088d00000, 0x0000000088d00000, 0x0000000088e00000|  0%| F|  |TAMS 0x0000000088d00000, 0x0000000088d00000| Untracked 
| 142|0x0000000088e00000, 0x0000000088e00000, 0x0000000088f00000|  0%| F|  |TAMS 0x0000000088e00000, 0x0000000088e00000| Untracked 
| 143|0x0000000088f00000, 0x0000000088f00000, 0x0000000089000000|  0%| F|  |TAMS 0x0000000088f00000, 0x0000000088f00000| Untracked 
| 144|0x0000000089000000, 0x0000000089000000, 0x0000000089100000|  0%| F|  |TAMS 0x0000000089000000, 0x0000000089000000| Untracked 
| 145|0x0000000089100000, 0x0000000089100000, 0x0000000089200000|  0%| F|  |TAMS 0x0000000089100000, 0x0000000089100000| Untracked 
| 146|0x0000000089200000, 0x0000000089200000, 0x0000000089300000|  0%| F|  |TAMS 0x0000000089200000, 0x0000000089200000| Untracked 
| 147|0x0000000089300000, 0x0000000089300000, 0x0000000089400000|  0%| F|  |TAMS 0x0000000089300000, 0x0000000089300000| Untracked 
| 148|0x0000000089400000, 0x0000000089400000, 0x0000000089500000|  0%| F|  |TAMS 0x0000000089400000, 0x0000000089400000| Untracked 
| 149|0x0000000089500000, 0x0000000089500000, 0x0000000089600000|  0%| F|  |TAMS 0x0000000089500000, 0x0000000089500000| Untracked 
| 150|0x0000000089600000, 0x0000000089600000, 0x0000000089700000|  0%| F|  |TAMS 0x0000000089600000, 0x0000000089600000| Untracked 
| 151|0x0000000089700000, 0x0000000089700000, 0x0000000089800000|  0%| F|  |TAMS 0x0000000089700000, 0x0000000089700000| Untracked 
| 152|0x0000000089800000, 0x0000000089800000, 0x0000000089900000|  0%| F|  |TAMS 0x0000000089800000, 0x0000000089800000| Untracked 
| 153|0x0000000089900000, 0x0000000089900000, 0x0000000089a00000|  0%| F|  |TAMS 0x0000000089900000, 0x0000000089900000| Untracked 
| 154|0x0000000089a00000, 0x0000000089a00000, 0x0000000089b00000|  0%| F|  |TAMS 0x0000000089a00000, 0x0000000089a00000| Untracked 
| 155|0x0000000089b00000, 0x0000000089b00000, 0x0000000089c00000|  0%| F|  |TAMS 0x0000000089b00000, 0x0000000089b00000| Untracked 
| 156|0x0000000089c00000, 0x0000000089c00000, 0x0000000089d00000|  0%| F|  |TAMS 0x0000000089c00000, 0x0000000089c00000| Untracked 
| 157|0x0000000089d00000, 0x0000000089d00000, 0x0000000089e00000|  0%| F|  |TAMS 0x0000000089d00000, 0x0000000089d00000| Untracked 
| 158|0x0000000089e00000, 0x0000000089e00000, 0x0000000089f00000|  0%| F|  |TAMS 0x0000000089e00000, 0x0000000089e00000| Untracked 
| 159|0x0000000089f00000, 0x0000000089f00000, 0x000000008a000000|  0%| F|  |TAMS 0x0000000089f00000, 0x0000000089f00000| Untracked 
| 160|0x000000008a000000, 0x000000008a000000, 0x000000008a100000|  0%| F|  |TAMS 0x000000008a000000, 0x000000008a000000| Untracked 
| 161|0x000000008a100000, 0x000000008a145898, 0x000000008a200000| 27%| E|  |TAMS 0x000000008a100000, 0x000000008a100000| Complete 
| 162|0x000000008a200000, 0x000000008a300000, 0x000000008a300000|100%| E|CS|TAMS 0x000000008a200000, 0x000000008a200000| Complete 
| 163|0x000000008a300000, 0x000000008a400000, 0x000000008a400000|100%| E|CS|TAMS 0x000000008a300000, 0x000000008a300000| Complete 
| 164|0x000000008a400000, 0x000000008a500000, 0x000000008a500000|100%| E|CS|TAMS 0x000000008a400000, 0x000000008a400000| Complete 
| 165|0x000000008a500000, 0x000000008a600000, 0x000000008a600000|100%| E|CS|TAMS 0x000000008a500000, 0x000000008a500000| Complete 
| 166|0x000000008a600000, 0x000000008a700000, 0x000000008a700000|100%| E|CS|TAMS 0x000000008a600000, 0x000000008a600000| Complete 
| 167|0x000000008a700000, 0x000000008a800000, 0x000000008a800000|100%| E|CS|TAMS 0x000000008a700000, 0x000000008a700000| Complete 
| 168|0x000000008a800000, 0x000000008a900000, 0x000000008a900000|100%| E|CS|TAMS 0x000000008a800000, 0x000000008a800000| Complete 
| 169|0x000000008a900000, 0x000000008aa00000, 0x000000008aa00000|100%| E|CS|TAMS 0x000000008a900000, 0x000000008a900000| Complete 
| 170|0x000000008aa00000, 0x000000008ab00000, 0x000000008ab00000|100%| E|CS|TAMS 0x000000008aa00000, 0x000000008aa00000| Complete 
| 171|0x000000008ab00000, 0x000000008ac00000, 0x000000008ac00000|100%| E|CS|TAMS 0x000000008ab00000, 0x000000008ab00000| Complete 
| 172|0x000000008ac00000, 0x000000008ad00000, 0x000000008ad00000|100%| E|CS|TAMS 0x000000008ac00000, 0x000000008ac00000| Complete 
| 173|0x000000008ad00000, 0x000000008ae00000, 0x000000008ae00000|100%| E|CS|TAMS 0x000000008ad00000, 0x000000008ad00000| Complete 
| 174|0x000000008ae00000, 0x000000008af00000, 0x000000008af00000|100%| S|CS|TAMS 0x000000008ae00000, 0x000000008ae00000| Complete 
| 175|0x000000008af00000, 0x000000008b000000, 0x000000008b000000|100%| S|CS|TAMS 0x000000008af00000, 0x000000008af00000| Complete 
| 176|0x000000008b000000, 0x000000008b100000, 0x000000008b100000|100%| E|CS|TAMS 0x000000008b000000, 0x000000008b000000| Complete 
| 177|0x000000008b100000, 0x000000008b200000, 0x000000008b200000|100%| E|CS|TAMS 0x000000008b100000, 0x000000008b100000| Complete 
| 178|0x000000008b200000, 0x000000008b300000, 0x000000008b300000|100%| E|CS|TAMS 0x000000008b200000, 0x000000008b200000| Complete 
| 179|0x000000008b300000, 0x000000008b400000, 0x000000008b400000|100%| E|  |TAMS 0x000000008b300000, 0x000000008b300000| Complete 
| 180|0x000000008b400000, 0x000000008b500000, 0x000000008b500000|100%| E|CS|TAMS 0x000000008b400000, 0x000000008b400000| Complete 
| 181|0x000000008b500000, 0x000000008b600000, 0x000000008b600000|100%| E|CS|TAMS 0x000000008b500000, 0x000000008b500000| Complete 
| 182|0x000000008b600000, 0x000000008b700000, 0x000000008b700000|100%| E|CS|TAMS 0x000000008b600000, 0x000000008b600000| Complete 
| 183|0x000000008b700000, 0x000000008b800000, 0x000000008b800000|100%| E|CS|TAMS 0x000000008b700000, 0x000000008b700000| Complete 
| 184|0x000000008b800000, 0x000000008b900000, 0x000000008b900000|100%| E|CS|TAMS 0x000000008b800000, 0x000000008b800000| Complete 

Card table byte_map: [0x00000210388c0000,0x0000021038cc0000] _byte_map_base: 0x00000210384c0000

Marking Bits (Prev, Next): (CMBitMap*) 0x0000021020d84be0, (CMBitMap*) 0x0000021020d84ba8
 Prev Bits: [0x000002103b0c0000, 0x000002103d0c0000)
 Next Bits: [0x00000210390c0000, 0x000002103b0c0000)

Polling page: 0x000002101eec0000

Metaspace:

Usage:
  Non-class:     93.68 MB capacity,    91.97 MB ( 98%) used,     1.40 MB (  1%) free+waste,   318.88 KB ( <1%) overhead. 
      Class:     14.29 MB capacity,    13.26 MB ( 93%) used,   918.03 KB (  6%) free+waste,   140.06 KB ( <1%) overhead. 
       Both:    107.97 MB capacity,   105.23 MB ( 97%) used,     2.29 MB (  2%) free+waste,   458.94 KB ( <1%) overhead. 

Virtual space:
  Non-class space:       94.00 MB reserved,      93.76 MB (>99%) committed 
      Class space:      504.00 MB reserved,      14.38 MB (  3%) committed 
             Both:      598.00 MB reserved,     108.13 MB ( 18%) committed 

Chunk freelists:
   Non-Class:  20.00 KB
       Class:  0 bytes
        Both:  20.00 KB

MaxMetaspaceSize: 512.00 MB
CompressedClassSpaceSize: 504.00 MB
Initial GC threshold: 20.80 MB
Current GC threshold: 179.80 MB
CDS: off

CodeHeap 'non-profiled nmethods': size=120064Kb used=9302Kb max_used=9302Kb free=110761Kb
 bounds [0x0000021030f80000, 0x00000210318a0000, 0x00000210384c0000]
CodeHeap 'profiled nmethods': size=120000Kb used=31723Kb max_used=31723Kb free=88276Kb
 bounds [0x0000021029a50000, 0x000002102b950000, 0x0000021030f80000]
CodeHeap 'non-nmethods': size=5696Kb used=2400Kb max_used=2447Kb free=3295Kb
 bounds [0x00000210294c0000, 0x0000021029730000, 0x0000021029a50000]
 total_blobs=15255 nmethods=14324 adapters=843
 compilation: enabled
              stopped_count=0, restarted_count=0
 full_count=0

Compilation events (20 events):
Event: 387.490 Thread 0x000002103f5af000 nmethod 14410 0x000002103188c610 code [0x000002103188c7a0, 0x000002103188c8b8]
Event: 387.492 Thread 0x000002103f5af000 14411       4       org.gradle.internal.snapshot.AbstractListChildMap$2::withReplacedChild (28 bytes)
Event: 387.497 Thread 0x000002103f5af000 nmethod 14411 0x000002103188ca10 code [0x000002103188cbe0, 0x000002103188cdc8]
Event: 388.537 Thread 0x000002103f5af000 14412       4       java.util.concurrent.locks.AbstractQueuedSynchronizer$ConditionObject::awaitNanos (181 bytes)
Event: 388.621 Thread 0x000002103f5af000 nmethod 14412 0x000002103188d090 code [0x000002103188d2c0, 0x000002103188e920]
Event: 389.382 Thread 0x000002103f5af000 14413       4       org.gradle.internal.fingerprint.impl.DefaultFileCollectionSnapshotter$1::<init> (26 bytes)
Event: 389.391 Thread 0x000002103f5af000 nmethod 14413 0x000002103188f290 code [0x000002103188f420, 0x000002103188f638]
Event: 389.405 Thread 0x000002103f5af000 14414       4       sun.nio.fs.WindowsDirectoryStream$WindowsDirectoryIterator::next (5 bytes)
Event: 389.409 Thread 0x000002103f5af000 nmethod 14414 0x000002103188f690 code [0x000002103188f820, 0x000002103188fa98]
Event: 389.409 Thread 0x000002103f5af000 14415  s    4       sun.nio.fs.WindowsDirectoryStream$WindowsDirectoryIterator::next (48 bytes)
Event: 389.413 Thread 0x000002103f5af000 nmethod 14415 0x000002103188fb90 code [0x000002103188fd20, 0x000002103188ff98]
Event: 390.392 Thread 0x000002103f5af000 14416       4       org.gradle.internal.file.FileHierarchySet$Node::contains (101 bytes)
Event: 390.429 Thread 0x000002103f5af000 nmethod 14416 0x0000021031890090 code [0x00000210318902a0, 0x0000021031890ae8]
Event: 400.198 Thread 0x000002103f5b0800 14417       3       java.io.File::getCanonicalPath (31 bytes)
Event: 400.199 Thread 0x000002103f5b0800 nmethod 14417 0x000002102b943c10 code [0x000002102b943e00, 0x000002102b9440b8]
Event: 400.199 Thread 0x000002103f5b0800 14418       3       java.io.WinNTFileSystem::canonicalize (372 bytes)
Event: 400.205 Thread 0x000002103f5b0800 nmethod 14418 0x000002102b944210 code [0x000002102b944aa0, 0x000002102b9495f8]
Event: 401.341 Thread 0x000002103f5af000 14419       4       com.google.common.collect.Interners$InternerImpl::intern (50 bytes)
Event: 401.448 Thread 0x000002103f5af000 nmethod 14419 0x0000021031891690 code [0x0000021031891a20, 0x0000021031894020]
Event: 401.848 Thread 0x000002103f5af000 14420       4       org.gradle.api.internal.changedetection.state.CachingFileHasher::snapshot (122 bytes)

GC Heap History (20 events):
Event: 235.996 GC heap before
{Heap before GC invocations=70 (full 0):
 garbage-first heap   total 157696K, used 115040K [0x0000000080000000, 0x0000000100000000)
  region size 1024K, 8 young (8192K), 3 survivors (3072K)
 Metaspace       used 102807K, capacity 105458K, committed 105736K, reserved 608256K
  class space    used 13230K, capacity 14287K, committed 14336K, reserved 516096K
}
Event: 236.003 GC heap after
{Heap after GC invocations=71 (full 0):
 garbage-first heap   total 189440K, used 111763K [0x0000000080000000, 0x0000000100000000)
  region size 1024K, 1 young (1024K), 1 survivors (1024K)
 Metaspace       used 102807K, capacity 105458K, committed 105736K, reserved 608256K
  class space    used 13230K, capacity 14287K, committed 14336K, reserved 516096K
}
Event: 270.366 GC heap before
{Heap before GC invocations=72 (full 0):
 garbage-first heap   total 189440K, used 119955K [0x0000000080000000, 0x0000000100000000)
  region size 1024K, 9 young (9216K), 1 survivors (1024K)
 Metaspace       used 103303K, capacity 105930K, committed 105992K, reserved 608256K
  class space    used 13283K, capacity 14335K, committed 14336K, reserved 516096K
}
Event: 270.372 GC heap after
{Heap after GC invocations=73 (full 0):
 garbage-first heap   total 189440K, used 113156K [0x0000000080000000, 0x0000000100000000)
  region size 1024K, 2 young (2048K), 2 survivors (2048K)
 Metaspace       used 103303K, capacity 105930K, committed 105992K, reserved 608256K
  class space    used 13283K, capacity 14335K, committed 14336K, reserved 516096K
}
Event: 271.210 GC heap before
{Heap before GC invocations=73 (full 0):
 garbage-first heap   total 189440K, used 119300K [0x0000000080000000, 0x0000000100000000)
  region size 1024K, 9 young (9216K), 2 survivors (2048K)
 Metaspace       used 104188K, capacity 106774K, committed 106888K, reserved 610304K
  class space    used 13385K, capacity 14421K, committed 14464K, reserved 516096K
}
Event: 271.214 GC heap after
{Heap after GC invocations=74 (full 0):
 garbage-first heap   total 189440K, used 113680K [0x0000000080000000, 0x0000000100000000)
  region size 1024K, 1 young (1024K), 1 survivors (1024K)
 Metaspace       used 104188K, capacity 106774K, committed 106888K, reserved 610304K
  class space    used 13385K, capacity 14421K, committed 14464K, reserved 516096K
}
Event: 271.546 GC heap before
{Heap before GC invocations=75 (full 0):
 garbage-first heap   total 189440K, used 120848K [0x0000000080000000, 0x0000000100000000)
  region size 1024K, 9 young (9216K), 1 survivors (1024K)
 Metaspace       used 106286K, capacity 108886K, committed 109064K, reserved 612352K
  class space    used 13518K, capacity 14549K, committed 14592K, reserved 516096K
}
Event: 271.549 GC heap after
{Heap after GC invocations=76 (full 0):
 garbage-first heap   total 189440K, used 113563K [0x0000000080000000, 0x0000000100000000)
  region size 1024K, 1 young (1024K), 1 survivors (1024K)
 Metaspace       used 106286K, capacity 108886K, committed 109064K, reserved 612352K
  class space    used 13518K, capacity 14549K, committed 14592K, reserved 516096K
}
Event: 359.980 GC heap before
{Heap before GC invocations=76 (full 0):
 garbage-first heap   total 189440K, used 124827K [0x0000000080000000, 0x0000000100000000)
  region size 1024K, 12 young (12288K), 1 survivors (1024K)
 Metaspace       used 106878K, capacity 109535K, committed 109576K, reserved 612352K
  class space    used 13551K, capacity 14589K, committed 14592K, reserved 516096K
}
Event: 359.986 GC heap after
{Heap after GC invocations=77 (full 0):
 garbage-first heap   total 189440K, used 114266K [0x0000000080000000, 0x0000000100000000)
  region size 1024K, 2 young (2048K), 2 survivors (2048K)
 Metaspace       used 106878K, capacity 109535K, committed 109576K, reserved 612352K
  class space    used 13551K, capacity 14589K, committed 14592K, reserved 516096K
}
Event: 364.210 GC heap before
{Heap before GC invocations=78 (full 0):
 garbage-first heap   total 189440K, used 126554K [0x0000000080000000, 0x0000000100000000)
  region size 1024K, 15 young (15360K), 2 survivors (2048K)
 Metaspace       used 107072K, capacity 109840K, committed 109960K, reserved 612352K
  class space    used 13565K, capacity 14614K, committed 14720K, reserved 516096K
}
Event: 364.224 GC heap after
{Heap after GC invocations=79 (full 0):
 garbage-first heap   total 189440K, used 115623K [0x0000000080000000, 0x0000000100000000)
  region size 1024K, 2 young (2048K), 2 survivors (2048K)
 Metaspace       used 107072K, capacity 109840K, committed 109960K, reserved 612352K
  class space    used 13565K, capacity 14614K, committed 14720K, reserved 516096K
}
Event: 368.844 GC heap before
{Heap before GC invocations=79 (full 0):
 garbage-first heap   total 189440K, used 129959K [0x0000000080000000, 0x0000000100000000)
  region size 1024K, 17 young (17408K), 2 survivors (2048K)
 Metaspace       used 107289K, capacity 110129K, committed 110472K, reserved 612352K
  class space    used 13566K, capacity 14617K, committed 14720K, reserved 516096K
}
Event: 368.853 GC heap after
{Heap after GC invocations=80 (full 0):
 garbage-first heap   total 189440K, used 117174K [0x0000000080000000, 0x0000000100000000)
  region size 1024K, 3 young (3072K), 3 survivors (3072K)
 Metaspace       used 107289K, capacity 110129K, committed 110472K, reserved 612352K
  class space    used 13566K, capacity 14617K, committed 14720K, reserved 516096K
}
Event: 375.707 GC heap before
{Heap before GC invocations=81 (full 0):
 garbage-first heap   total 189440K, used 135606K [0x0000000080000000, 0x0000000100000000)
  region size 1024K, 21 young (21504K), 3 survivors (3072K)
 Metaspace       used 107540K, capacity 110266K, committed 110472K, reserved 612352K
  class space    used 13572K, capacity 14627K, committed 14720K, reserved 516096K
}
Event: 375.738 GC heap after
{Heap after GC invocations=82 (full 0):
 garbage-first heap   total 189440K, used 120226K [0x0000000080000000, 0x0000000100000000)
  region size 1024K, 3 young (3072K), 3 survivors (3072K)
 Metaspace       used 107540K, capacity 110266K, committed 110472K, reserved 612352K
  class space    used 13572K, capacity 14627K, committed 14720K, reserved 516096K
}
Event: 380.750 GC heap before
{Heap before GC invocations=82 (full 0):
 garbage-first heap   total 189440K, used 126370K [0x0000000080000000, 0x0000000100000000)
  region size 1024K, 9 young (9216K), 3 survivors (3072K)
 Metaspace       used 107611K, capacity 110394K, committed 110728K, reserved 612352K
  class space    used 13572K, capacity 14627K, committed 14720K, reserved 516096K
}
Event: 380.779 GC heap after
{Heap after GC invocations=83 (full 0):
 garbage-first heap   total 189440K, used 115734K [0x0000000080000000, 0x0000000100000000)
  region size 1024K, 2 young (2048K), 2 survivors (2048K)
 Metaspace       used 107611K, capacity 110394K, committed 110728K, reserved 612352K
  class space    used 13572K, capacity 14627K, committed 14720K, reserved 516096K
}
Event: 380.829 GC heap before
{Heap before GC invocations=83 (full 0):
 garbage-first heap   total 189440K, used 121878K [0x0000000080000000, 0x0000000100000000)
  region size 1024K, 9 young (9216K), 2 survivors (2048K)
 Metaspace       used 107649K, capacity 110471K, committed 110728K, reserved 612352K
  class space    used 13574K, capacity 14631K, committed 14720K, reserved 516096K
}
Event: 380.856 GC heap after
{Heap after GC invocations=84 (full 0):
 garbage-first heap   total 189440K, used 114990K [0x0000000080000000, 0x0000000100000000)
  region size 1024K, 2 young (2048K), 2 survivors (2048K)
 Metaspace       used 107649K, capacity 110471K, committed 110728K, reserved 612352K
  class space    used 13574K, capacity 14631K, committed 14720K, reserved 516096K
}

Deoptimization events (20 events):
Event: 370.433 Thread 0x0000021042c0d000 DEOPT PACKING pc=0x0000021029f33816 sp=0x0000003d3f0f89c0
Event: 370.433 Thread 0x0000021042c0d000 DEOPT UNPACKING pc=0x000002102950a95e sp=0x0000003d3f0f7ed8 mode 0
Event: 374.217 Thread 0x0000021042c0d000 DEOPT PACKING pc=0x000002102acb8424 sp=0x0000003d3f0f96e0
Event: 374.217 Thread 0x0000021042c0d000 DEOPT UNPACKING pc=0x000002102950a95e sp=0x0000003d3f0f8c00 mode 0
Event: 374.227 Thread 0x0000021042c0d000 Uncommon trap: trap_request=0xffffff4d fr.pc=0x00000210314eb890 relative=0x0000000000000230
Event: 374.228 Thread 0x0000021042c0d000 Uncommon trap: reason=unstable_if action=reinterpret pc=0x00000210314eb890 method=com.google.common.collect.MapMakerInternalMap$Segment.getEntry(Ljava/lang/Object;I)Lcom/google/common/collect/MapMakerInternalMap$InternalEntry; @ 40 c2
Event: 374.228 Thread 0x0000021042c0d000 DEOPT PACKING pc=0x00000210314eb890 sp=0x0000003d3f0f85f0
Event: 374.228 Thread 0x0000021042c0d000 DEOPT UNPACKING pc=0x000002102950a1af sp=0x0000003d3f0f85a8 mode 2
Event: 379.122 Thread 0x0000021042c0d000 DEOPT PACKING pc=0x000002102b474855 sp=0x0000003d3f0f71e0
Event: 379.122 Thread 0x0000021042c0d000 DEOPT UNPACKING pc=0x000002102950a95e sp=0x0000003d3f0f6700 mode 0
Event: 380.780 Thread 0x0000021042c0d000 DEOPT PACKING pc=0x000002102afbbe8d sp=0x0000003d3f0f91b0
Event: 380.780 Thread 0x0000021042c0d000 DEOPT UNPACKING pc=0x000002102950a95e sp=0x0000003d3f0f8648 mode 0
Event: 380.783 Thread 0x0000021042c0d000 DEOPT PACKING pc=0x000002102afbbe8d sp=0x0000003d3f0f91b0
Event: 380.783 Thread 0x0000021042c0d000 DEOPT UNPACKING pc=0x000002102950a95e sp=0x0000003d3f0f8648 mode 0
Event: 381.603 Thread 0x0000021047b90000 Uncommon trap: trap_request=0xffffff4d fr.pc=0x000002103167c7ec relative=0x00000000000009cc
Event: 381.603 Thread 0x0000021047b90000 Uncommon trap: reason=unstable_if action=reinterpret pc=0x000002103167c7ec method=java.util.concurrent.ConcurrentLinkedQueue.offer(Ljava/lang/Object;)Z @ 42 c2
Event: 381.603 Thread 0x0000021047b90000 DEOPT PACKING pc=0x000002103167c7ec sp=0x0000003d429fb930
Event: 381.603 Thread 0x0000021047b90000 DEOPT UNPACKING pc=0x000002102950a1af sp=0x0000003d429fb780 mode 2
Event: 381.619 Thread 0x0000021047b90000 DEOPT PACKING pc=0x000002102b0ea12f sp=0x0000003d429fd4a0
Event: 381.619 Thread 0x0000021047b90000 DEOPT UNPACKING pc=0x000002102950a95e sp=0x0000003d429fca28 mode 0

Classes redefined (0 events):
No events

Internal exceptions (20 events):
Event: 222.064 Thread 0x0000021042c09000 Exception <a 'java/lang/NoSuchMethodError'{0x0000000087cb6a98}: <clinit>> (0x0000000087cb6a98) thrown at [./src/hotspot/share/prims/jni.cpp, line 1367]
Event: 223.542 Thread 0x0000021042c0f800 Exception <a 'java/lang/NoSuchMethodError'{0x0000000087a5b9b8}: <clinit>> (0x0000000087a5b9b8) thrown at [./src/hotspot/share/prims/jni.cpp, line 1367]
Event: 223.542 Thread 0x0000021042c0f800 Exception <a 'java/lang/NoSuchMethodError'{0x0000000087a5f700}: <clinit>> (0x0000000087a5f700) thrown at [./src/hotspot/share/prims/jni.cpp, line 1367]
Event: 223.543 Thread 0x0000021042c0f800 Exception <a 'java/lang/NoSuchMethodError'{0x0000000087a625a0}: <clinit>> (0x0000000087a625a0) thrown at [./src/hotspot/share/prims/jni.cpp, line 1367]
Event: 223.544 Thread 0x0000021042c0f800 Exception <a 'java/lang/NoSuchMethodError'{0x0000000087a7c308}: <clinit>> (0x0000000087a7c308) thrown at [./src/hotspot/share/prims/jni.cpp, line 1367]
Event: 223.544 Thread 0x0000021042c0f800 Exception <a 'java/lang/NoSuchMethodError'{0x0000000087a7d540}: <clinit>> (0x0000000087a7d540) thrown at [./src/hotspot/share/prims/jni.cpp, line 1367]
Event: 233.770 Thread 0x0000021042c09000 Exception <a 'java/lang/NoSuchMethodError'{0x0000000089905460}: 'java.lang.Object java.lang.invoke.DirectMethodHandle$Holder.invokeInterface(java.lang.Object, java.lang.Object, java.lang.Object, java.lang.Object)'> (0x0000000089905460) thrown at [./src/hotspot/share/interpreter/linkResolver.cpp, line 773]
Event: 270.188 Thread 0x0000021042c09000 Exception <a 'java/lang/NoSuchMethodError'{0x000000008b17f558}: 'java.lang.Object java.lang.invoke.DirectMethodHandle$Holder.newInvokeSpecial(java.lang.Object, java.lang.Object, java.lang.Object, java.lang.Object)'> (0x000000008b17f558) thrown at [./src/hotspot/share/interpreter/linkResolver.cpp, line 773]
Event: 270.365 Thread 0x0000021044feb000 Exception <a 'sun/nio/fs/WindowsException'{0x000000008b1f8e00}> (0x000000008b1f8e00) thrown at [./src/hotspot/share/prims/jni.cpp, line 617]
Event: 270.736 Thread 0x000002104114f800 Implicit null exception at 0x000002103173632f to 0x000002103173637c
Event: 280.207 Thread 0x000002104145f800 Implicit null exception at 0x0000021031456714 to 0x0000021031456d04
Event: 354.897 Thread 0x0000021042c0d000 Implicit null exception at 0x00000210317b057b to 0x00000210317b67a0
Event: 370.461 Thread 0x0000021042c0d000 Exception <a 'sun/nio/fs/WindowsException'{0x000000008b06d640}> (0x000000008b06d640) thrown at [./src/hotspot/share/prims/jni.cpp, line 617]
Event: 373.917 Thread 0x0000021042c0d000 Exception <a 'java/lang/NoClassDefFoundError'{0x000000008acb2070}: org/jetbrains/kotlin/gradle/plugin/KotlinBasePluginWrapper> (0x000000008acb2070) thrown at [./src/hotspot/share/oops/constantPool.cpp, line 775]
Event: 373.988 Thread 0x0000021042c0d000 Exception <a 'sun/nio/fs/WindowsException'{0x000000008aa54eb8}> (0x000000008aa54eb8) thrown at [./src/hotspot/share/prims/jni.cpp, line 617]
Event: 374.116 Thread 0x0000021042c0d000 Exception <a 'sun/nio/fs/WindowsException'{0x000000008aaf87d8}> (0x000000008aaf87d8) thrown at [./src/hotspot/share/prims/jni.cpp, line 617]
Event: 374.117 Thread 0x0000021042c0d000 Exception <a 'sun/nio/fs/WindowsException'{0x000000008aaf9b60}> (0x000000008aaf9b60) thrown at [./src/hotspot/share/prims/jni.cpp, line 617]
Event: 374.117 Thread 0x0000021042c0d000 Exception <a 'sun/nio/fs/WindowsException'{0x000000008aafaf38}> (0x000000008aafaf38) thrown at [./src/hotspot/share/prims/jni.cpp, line 617]
Event: 374.117 Thread 0x0000021042c0d000 Exception <a 'sun/nio/fs/WindowsException'{0x000000008aafc310}> (0x000000008aafc310) thrown at [./src/hotspot/share/prims/jni.cpp, line 617]
Event: 380.899 Thread 0x0000021042c0d000 Exception <a 'sun/nio/fs/WindowsException'{0x000000008b345c48}> (0x000000008b345c48) thrown at [./src/hotspot/share/prims/jni.cpp, line 617]

Events (20 events):
Event: 380.899 Executing VM operation: RevokeBias done
Event: 381.012 Thread 0x0000021047b99000 Thread added: 0x0000021047b99000
Event: 381.014 Thread 0x0000021047b98800 Thread added: 0x0000021047b98800
Event: 381.021 Executing VM operation: RevokeBias
Event: 381.025 Executing VM operation: RevokeBias done
Event: 381.330 Executing VM operation: RevokeBias
Event: 381.331 Executing VM operation: RevokeBias done
Event: 381.331 Executing VM operation: RevokeBias
Event: 381.332 Executing VM operation: RevokeBias done
Event: 381.586 Executing VM operation: RevokeBias
Event: 381.587 Executing VM operation: RevokeBias done
Event: 381.647 Thread 0x0000021047b9a000 Thread added: 0x0000021047b9a000
Event: 381.654 Executing VM operation: RevokeBias
Event: 381.654 Executing VM operation: RevokeBias done
Event: 381.658 Executing VM operation: RevokeBias
Event: 381.658 Executing VM operation: RevokeBias done
Event: 381.658 Executing VM operation: RevokeBias
Event: 381.658 Executing VM operation: RevokeBias done
Event: 381.658 Executing VM operation: BulkRevokeBias
Event: 381.659 Executing VM operation: BulkRevokeBias done


Dynamic libraries:
0x00007ff6c5960000 - 0x00007ff6c596d000 	C:\Program Files\Microsoft\jdk-11.0.18.10-hotspot\bin\java.exe
0x00007ffe0cf70000 - 0x00007ffe0d168000 	C:\Windows\SYSTEM32\ntdll.dll
0x00007ffe0b890000 - 0x00007ffe0b94f000 	C:\Windows\System32\KERNEL32.DLL
0x00007ffe0a650000 - 0x00007ffe0a946000 	C:\Windows\System32\KERNELBASE.dll
0x00007ffe0aed0000 - 0x00007ffe0afd0000 	C:\Windows\System32\ucrtbase.dll
0x00007ffdf9ad0000 - 0x00007ffdf9ae5000 	C:\Program Files\Microsoft\jdk-11.0.18.10-hotspot\bin\VCRUNTIME140.dll
0x00007ffdf8d10000 - 0x00007ffdf8d27000 	C:\Program Files\Microsoft\jdk-11.0.18.10-hotspot\bin\jli.dll
0x00007ffe0b6d0000 - 0x00007ffe0b86d000 	C:\Windows\System32\USER32.dll
0x00007ffdf77e0000 - 0x00007ffdf7a7a000 	C:\Windows\WinSxS\amd64_microsoft.windows.common-controls_6595b64144ccf1df_6.0.19041.1110_none_60b5254171f9507e\COMCTL32.dll
0x00007ffe0ab80000 - 0x00007ffe0aba2000 	C:\Windows\System32\win32u.dll
0x00007ffe0c320000 - 0x00007ffe0c34c000 	C:\Windows\System32\GDI32.dll
0x00007ffe0acb0000 - 0x00007ffe0adc5000 	C:\Windows\System32\gdi32full.dll
0x00007ffe0aae0000 - 0x00007ffe0ab7d000 	C:\Windows\System32\msvcp_win.dll
0x00007ffe0c480000 - 0x00007ffe0c51e000 	C:\Windows\System32\msvcrt.dll
0x00007ffe0b5b0000 - 0x00007ffe0b5e0000 	C:\Windows\System32\IMM32.DLL
0x00007ffdd56e0000 - 0x00007ffdd577b000 	C:\Program Files\Microsoft\jdk-11.0.18.10-hotspot\bin\msvcp140.dll
0x00007ffd76ce0000 - 0x00007ffd77872000 	C:\Program Files\Microsoft\jdk-11.0.18.10-hotspot\bin\server\jvm.dll
0x00007ffe0ca10000 - 0x00007ffe0cabf000 	C:\Windows\System32\ADVAPI32.dll
0x00007ffe0c8c0000 - 0x00007ffe0c95c000 	C:\Windows\System32\sechost.dll
0x00007ffe0afd0000 - 0x00007ffe0b0f6000 	C:\Windows\System32\RPCRT4.dll
0x00007ffe0b870000 - 0x00007ffe0b878000 	C:\Windows\System32\PSAPI.DLL
0x00007ffdf9940000 - 0x00007ffdf9949000 	C:\Windows\SYSTEM32\WSOCK32.dll
0x00007ffe0c520000 - 0x00007ffe0c58b000 	C:\Windows\System32\WS2_32.dll
0x00007ffdfa6b0000 - 0x00007ffdfa6d7000 	C:\Windows\SYSTEM32\WINMM.dll
0x00007ffe03b40000 - 0x00007ffe03b4a000 	C:\Windows\SYSTEM32\VERSION.dll
0x00007ffe091e0000 - 0x00007ffe091f2000 	C:\Windows\SYSTEM32\kernel.appcore.dll
0x00007ffe02ce0000 - 0x00007ffe02cf0000 	C:\Program Files\Microsoft\jdk-11.0.18.10-hotspot\bin\verify.dll
0x00007ffe08b90000 - 0x00007ffe08d74000 	C:\Windows\SYSTEM32\DBGHELP.DLL
0x00007ffdfb050000 - 0x00007ffdfb084000 	C:\Windows\SYSTEM32\dbgcore.DLL
0x00007ffe0abb0000 - 0x00007ffe0ac32000 	C:\Windows\System32\bcryptPrimitives.dll
0x00007ffdf84a0000 - 0x00007ffdf84c8000 	C:\Program Files\Microsoft\jdk-11.0.18.10-hotspot\bin\java.dll
0x00007ffe01920000 - 0x00007ffe0192a000 	C:\Program Files\Microsoft\jdk-11.0.18.10-hotspot\bin\jimage.dll
0x00007ffdf8480000 - 0x00007ffdf8498000 	C:\Program Files\Microsoft\jdk-11.0.18.10-hotspot\bin\zip.dll
0x00007ffe0b950000 - 0x00007ffe0c094000 	C:\Windows\System32\SHELL32.dll
0x00007ffe083f0000 - 0x00007ffe08b83000 	C:\Windows\SYSTEM32\windows.storage.dll
0x00007ffe0b1e0000 - 0x00007ffe0b534000 	C:\Windows\System32\combase.dll
0x00007ffe09fd0000 - 0x00007ffe09ffe000 	C:\Windows\SYSTEM32\Wldp.dll
0x00007ffe0c350000 - 0x00007ffe0c3fd000 	C:\Windows\System32\SHCORE.dll
0x00007ffe0b670000 - 0x00007ffe0b6c5000 	C:\Windows\System32\shlwapi.dll
0x00007ffe0a590000 - 0x00007ffe0a5af000 	C:\Windows\SYSTEM32\profapi.dll
0x00007ffdf13d0000 - 0x00007ffdf13e9000 	C:\Program Files\Microsoft\jdk-11.0.18.10-hotspot\bin\net.dll
0x00007ffe03b90000 - 0x00007ffe03c9a000 	C:\Windows\SYSTEM32\WINHTTP.dll
0x00007ffe09d30000 - 0x00007ffe09d9a000 	C:\Windows\system32\mswsock.dll
0x00007ffdeb530000 - 0x00007ffdeb543000 	C:\Program Files\Microsoft\jdk-11.0.18.10-hotspot\bin\nio.dll
0x00007ffdeafa0000 - 0x00007ffdeafc7000 	C:\Users\Christian\.gradle\native\e1d6ef7f7dcc3fd88c89a11ec53ec762bb8ba0a96d01ffa2cd45eb1d1d8dd5c5\windows-amd64\native-platform.dll
0x00007ffdd04e0000 - 0x00007ffdd0624000 	C:\Users\Christian\.gradle\native\0d407fdbe67a94daf76414ababcb853783967236a71b16ec16e742cd7a986fd3\windows-amd64\native-platform-file-events.dll
0x00007ffe01820000 - 0x00007ffe01829000 	C:\Program Files\Microsoft\jdk-11.0.18.10-hotspot\bin\management.dll
0x00007ffdfb840000 - 0x00007ffdfb84b000 	C:\Program Files\Microsoft\jdk-11.0.18.10-hotspot\bin\management_ext.dll
0x00007ffe09f30000 - 0x00007ffe09f48000 	C:\Windows\SYSTEM32\CRYPTSP.dll
0x00007ffe09650000 - 0x00007ffe09684000 	C:\Windows\system32\rsaenh.dll
0x00007ffe0a950000 - 0x00007ffe0a977000 	C:\Windows\System32\bcrypt.dll
0x00007ffe0a550000 - 0x00007ffe0a57e000 	C:\Windows\SYSTEM32\USERENV.dll
0x00007ffe09f20000 - 0x00007ffe09f2c000 	C:\Windows\SYSTEM32\CRYPTBASE.dll
0x00007ffe09a20000 - 0x00007ffe09a5c000 	C:\Windows\SYSTEM32\IPHLPAPI.DLL
0x00007ffe0b880000 - 0x00007ffe0b888000 	C:\Windows\System32\NSI.dll
0x00007ffe043e0000 - 0x00007ffe043f7000 	C:\Windows\SYSTEM32\dhcpcsvc6.DLL
0x00007ffe043c0000 - 0x00007ffe043dd000 	C:\Windows\SYSTEM32\dhcpcsvc.DLL
0x00007ffe09a60000 - 0x00007ffe09b2b000 	C:\Windows\SYSTEM32\DNSAPI.dll
0x00007ffe01c60000 - 0x00007ffe01c6a000 	C:\Windows\System32\rasadhlp.dll
0x00007ffe011d0000 - 0x00007ffe01252000 	C:\Windows\System32\fwpuclnt.dll

dbghelp: loaded successfully - version: 4.0.5 - missing functions: none
symbol engine: initialized successfully - sym options: 0x614 - pdb path: .;C:\Program Files\Microsoft\jdk-11.0.18.10-hotspot\bin;C:\Windows\SYSTEM32;C:\Windows\WinSxS\amd64_microsoft.windows.common-controls_6595b64144ccf1df_6.0.19041.1110_none_60b5254171f9507e;C:\Program Files\Microsoft\jdk-11.0.18.10-hotspot\bin\server;C:\Users\Christian\.gradle\native\e1d6ef7f7dcc3fd88c89a11ec53ec762bb8ba0a96d01ffa2cd45eb1d1d8dd5c5\windows-amd64;C:\Users\Christian\.gradle\native\0d407fdbe67a94daf76414ababcb853783967236a71b16ec16e742cd7a986fd3\windows-amd64

VM Arguments:
jvm_args: -XX:MaxMetaspaceSize=512m --add-opens=java.base/java.util=ALL-UNNAMED --add-opens=java.base/java.lang=ALL-UNNAMED --add-opens=java.base/java.lang.invoke=ALL-UNNAMED --add-opens=java.base/java.util=ALL-UNNAMED --add-opens=java.prefs/java.util.prefs=ALL-UNNAMED --add-opens=java.prefs/java.util.prefs=ALL-UNNAMED --add-opens=java.base/java.nio.charset=ALL-UNNAMED --add-opens=java.base/java.net=ALL-UNNAMED --add-opens=java.base/java.util.concurrent.atomic=ALL-UNNAMED -Xmx2048m -Dfile.encoding=windows-1252 -Duser.country=BO -Duser.language=es -Duser.variant 
java_command: org.gradle.launcher.daemon.bootstrap.GradleDaemon 7.5.1
java_class_path (initial): C:\Users\Christian\.gradle\wrapper\dists\gradle-7.5.1-all\1ehga6e77gqps5uk2kc5kf1vc\gradle-7.5.1\lib\gradle-launcher-7.5.1.jar
Launcher Type: SUN_STANDARD

[Global flags]
     intx CICompilerCount                          = 3                                         {product} {ergonomic}
   size_t CompressedClassSpaceSize                 = 528482304                                 {product} {ergonomic}
     uint ConcGCThreads                            = 1                                         {product} {ergonomic}
     uint G1ConcRefinementThreads                  = 4                                         {product} {ergonomic}
   size_t G1HeapRegionSize                         = 1048576                                   {product} {ergonomic}
    uintx GCDrainStackTargetSize                   = 64                                        {product} {ergonomic}
   size_t InitialHeapSize                          = 134217728                                 {product} {ergonomic}
   size_t MarkStackSize                            = 4194304                                   {product} {ergonomic}
   size_t MaxHeapSize                              = 2147483648                                {product} {command line}
   size_t MaxMetaspaceSize                         = 536870912                                 {product} {command line}
   size_t MaxNewSize                               = 1287651328                                {product} {ergonomic}
   size_t MinHeapDeltaBytes                        = 1048576                                   {product} {ergonomic}
    uintx NonNMethodCodeHeapSize                   = 5830732                                {pd product} {ergonomic}
    uintx NonProfiledCodeHeapSize                  = 122913754                              {pd product} {ergonomic}
    uintx ProfiledCodeHeapSize                     = 122913754                              {pd product} {ergonomic}
    uintx ReservedCodeCacheSize                    = 251658240                              {pd product} {ergonomic}
     bool SegmentedCodeCache                       = true                                      {product} {ergonomic}
     bool UseCompressedClassPointers               = true                                 {lp64_product} {ergonomic}
     bool UseCompressedOops                        = true                                 {lp64_product} {ergonomic}
     bool UseG1GC                                  = true                                      {product} {ergonomic}
     bool UseLargePagesIndividualAllocation        = false                                  {pd product} {ergonomic}

Logging:
Log output configuration:
 #0: stdout all=warning uptime,level,tags
 #1: stderr all=off uptime,level,tags

Environment Variables:
JAVA_HOME=C:\Program Files\Microsoft\jdk-11.0.18.10-hotspot\
CLASSPATH=C:\Proyectos\12023\movil-infante\android\\gradle\wrapper\gradle-wrapper.jar
PATH=C:\Proyectos\12023\movil-infante\android\node_modules\.bin;C:\Proyectos\12023\movil-infante\node_modules\.bin;C:\Proyectos\12023\node_modules\.bin;C:\Proyectos\node_modules\.bin;C:\node_modules\.bin;C:\Program Files\nodejs;C:\Proyectos\12023\movil-infante\node_modules\.bin;C:\Proyectos\12023\movil-infante\node_modules\.bin;C:\Proyectos\12023\node_modules\.bin;C:\Proyectos\node_modules\.bin;C:\node_modules\.bin;C:\Program Files\nodejs\node_modules\npm\node_modules\@npmcli\run-script\lib\node-gyp-bin;C:\Proyectos\12023\movil-infante\node_modules\.bin;C:\Proyectos\12023\node_modules\.bin;C:\Proyectos\node_modules\.bin;C:\node_modules\.bin;C:\Program Files\nodejs;C:\Proyectos\12023\movil-infante\node_modules\react-native\scripts\node_modules\.bin;C:\Proyectos\12023\movil-infante\node_modules\react-native\node_modules\.bin;C:\Proyectos\12023\movil-infante\node_modules\node_modules\.bin;C:\Proyectos\12023\movil-infante\node_modules\.bin;C:\Proyectos\12023\node_modules\.bin;C:\Proyectos\node_modules\.bin;C:\node_modules\.bin;C:\Program Files\nodejs;C:\Proyectos\12023\movil-infante\node_modules\.bin;C:\Proyectos\12023\movil-infante\node_modules\.bin;C:\Proyectos\12023\node_modules\.bin;C:\Proyectos\node_modules\.bin;C:\node_modules\.bin;C:\Program Files\nodejs\node_modules\npm\node_modules\@npmcli\run-script\lib\node-gyp-bin;C:\Program Files\Microsoft\jdk-11.0.18.10-hotspot\bin;C:\Program Files\Common Files\Oracle\Java\javapath;C:\Windows\system32;C:\Windows;C:\Windows\System32\Wbem;C:\Windows\System32\WindowsPowerShell\v1.0\;C:\Windows\System32\OpenSSH\;C:\Program Files\Git\cmd;C:\composer;C:\Users\Christian\AppData\Local\Programs\pgAdmin 4\v6\python;C:\Program Files\heroku\bin;C:\Program Files\php-8.1.4\;C:\Program Files (x86)\Microsoft SQL Server\90\Tools\binn\;C:\Program Files (x86)\Microsoft SQL Server\160\DTS\Binn\;C:\Program Files\Azure Data Studio\bin;C:\Program Files\PuTTY\;C:\ProgramData\chocolatey\bin;C:\Program Files\nodejs\;C:\Users\Christian\AppData\Local\Mi
USERNAME=Christian
LANG=es_ES.UTF-8
OS=Windows_NT
PROCESSOR_IDENTIFIER=Intel64 Family 6 Model 142 Stepping 9, GenuineIntel
TMP=C:\Users\CHRIST~1\AppData\Local\Temp
TEMP=C:\Users\CHRIST~1\AppData\Local\Temp



---------------  S Y S T E M  ---------------

OS: Windows 10 , 64 bit Build 19041 (10.0.19041.2913)
OS uptime: 3 days 15:56 hours

CPU:total 4 (initial active 4) (2 cores per cpu, 2 threads per core) family 6 model 142 stepping 9 microcode 0xb4, cmov, cx8, fxsr, mmx, sse, sse2, sse3, ssse3, sse4.1, sse4.2, popcnt, avx, avx2, aes, clmul, erms, 3dnowpref, lzcnt, ht, tsc, tscinvbit, bmi1, bmi2, adx, fma

Memory: 4k page, system-wide physical 8075M (272M free)
TotalPageFile size 12171M (AvailPageFile size 9M)
current process WorkingSet (physical memory assigned to process): 442M, peak: 446M
current process commit charge ("private bytes"): 497M, peak: 501M

vm_info: OpenJDK 64-Bit Server VM (11.0.18+10-LTS) for windows-amd64 JRE (11.0.18+10-LTS), built on Jan 18 2023 15:56:47 by "MicrosoftCorporation" with MS VC++ 15.9 (VS2017)

END.
